<?xml version="1.0" encoding="UTF-8"?>
<testsuite name="MyTest-20240527165209" tests="1" file=".py" time="0.001" timestamp="2024-05-27T16:52:09" failures="0" errors="0" skipped="0">
	<testcase classname="MyTest" name="test_example" time="0.001" timestamp="2024-05-27T16:52:09" file="sort.py" line="11"/>
</testsuite>
